0 info it worked if it ends with ok
1 verbose cli [ '/opt/nvm/v0.10.32/bin/node',
1 verbose cli   '/opt/nvm/v0.10.32/bin/npm',
1 verbose cli   'install',
1 verbose cli   '--production' ]
2 info using npm@1.4.28
3 info using node@v0.10.32
4 warn package.json Blaze@1.0.0 No README data
5 verbose readDependencies using package.json deps
6 verbose install where, deps [ '/home/marthinus/angular-js/blaze/client-side', [] ]
7 info preinstall Blaze@1.0.0
8 verbose readDependencies using package.json deps
9 silly resolved []
10 info build /home/marthinus/angular-js/blaze/client-side
11 verbose linkStuff [ false, false, false, '/home/marthinus/angular-js/blaze' ]
12 info linkStuff Blaze@1.0.0
13 verbose linkBins Blaze@1.0.0
14 verbose linkMans Blaze@1.0.0
15 verbose rebuildBundles Blaze@1.0.0
16 verbose rebuildBundles [ '.bin',
16 verbose rebuildBundles   'angular-mocks',
16 verbose rebuildBundles   'bower',
16 verbose rebuildBundles   'grunt',
16 verbose rebuildBundles   'grunt-bower-concat',
16 verbose rebuildBundles   'grunt-contrib-clean',
16 verbose rebuildBundles   'grunt-contrib-concat',
16 verbose rebuildBundles   'grunt-contrib-connect',
16 verbose rebuildBundles   'grunt-contrib-copy',
16 verbose rebuildBundles   'grunt-contrib-jshint',
16 verbose rebuildBundles   'grunt-contrib-uglify',
16 verbose rebuildBundles   'grunt-contrib-watch',
16 verbose rebuildBundles   'grunt-include-source',
16 verbose rebuildBundles   'grunt-karma',
16 verbose rebuildBundles   'grunt-ng-annotate',
16 verbose rebuildBundles   'grunt-usemin',
16 verbose rebuildBundles   'grunt-wiredep',
16 verbose rebuildBundles   'jasmine-core',
16 verbose rebuildBundles   'jasmine-node',
16 verbose rebuildBundles   'jshint-stylish',
16 verbose rebuildBundles   'karma',
16 verbose rebuildBundles   'karma-coverage',
16 verbose rebuildBundles   'karma-jasmine',
16 verbose rebuildBundles   'karma-phantomjs-launcher',
16 verbose rebuildBundles   'load-grunt-tasks',
16 verbose rebuildBundles   'lodash',
16 verbose rebuildBundles   'wiredep' ]
17 verbose rebuild bundle /home/marthinus/angular-js/blaze/client-side/node_modules/bower
18 info build /home/marthinus/angular-js/blaze/client-side/node_modules/bower
19 info preinstall bower@1.3.12
20 verbose linkStuff [ false,
20 verbose linkStuff   false,
20 verbose linkStuff   false,
20 verbose linkStuff   '/home/marthinus/angular-js/blaze/client-side/node_modules' ]
21 info linkStuff bower@1.3.12
22 verbose linkBins bower@1.3.12
23 verbose link bins [ { bower: 'bin/bower' },
23 verbose link bins   '/home/marthinus/angular-js/blaze/client-side/node_modules/.bin',
23 verbose link bins   false ]
24 verbose linkMans bower@1.3.12
25 verbose rebuildBundles bower@1.3.12
26 verbose rebuildBundles [ '.bin',
26 verbose rebuildBundles   'abbrev',
26 verbose rebuildBundles   'archy',
26 verbose rebuildBundles   'bower-config',
26 verbose rebuildBundles   'bower-endpoint-parser',
26 verbose rebuildBundles   'bower-json',
26 verbose rebuildBundles   'bower-logger',
26 verbose rebuildBundles   'bower-registry-client',
26 verbose rebuildBundles   'cardinal',
26 verbose rebuildBundles   'chalk',
26 verbose rebuildBundles   'chmodr',
26 verbose rebuildBundles   'decompress-zip',
26 verbose rebuildBundles   'fstream',
26 verbose rebuildBundles   'fstream-ignore',
26 verbose rebuildBundles   'glob',
26 verbose rebuildBundles   'graceful-fs',
26 verbose rebuildBundles   'handlebars',
26 verbose rebuildBundles   'inquirer',
26 verbose rebuildBundles   'insight',
26 verbose rebuildBundles   'is-root',
26 verbose rebuildBundles   'junk',
26 verbose rebuildBundles   'lockfile',
26 verbose rebuildBundles   'lru-cache',
26 verbose rebuildBundles   'mkdirp',
26 verbose rebuildBundles   'mout',
26 verbose rebuildBundles   'nopt',
26 verbose rebuildBundles   'opn',
26 verbose rebuildBundles   'osenv',
26 verbose rebuildBundles   'p-throttler',
26 verbose rebuildBundles   'promptly',
26 verbose rebuildBundles   'q',
26 verbose rebuildBundles   'request',
26 verbose rebuildBundles   'request-progress',
26 verbose rebuildBundles   'retry',
26 verbose rebuildBundles   'rimraf',
26 verbose rebuildBundles   'semver',
26 verbose rebuildBundles   'shell-quote',
26 verbose rebuildBundles   'stringify-object',
26 verbose rebuildBundles   'tar-fs',
26 verbose rebuildBundles   'tmp',
26 verbose rebuildBundles   'update-notifier',
26 verbose rebuildBundles   'which' ]
27 info install bower@1.3.12
28 info postinstall bower@1.3.12
29 verbose rebuild bundle /home/marthinus/angular-js/blaze/client-side/node_modules/wiredep
30 info build /home/marthinus/angular-js/blaze/client-side/node_modules/wiredep
31 info preinstall wiredep@2.2.2
32 verbose linkStuff [ false,
32 verbose linkStuff   false,
32 verbose linkStuff   false,
32 verbose linkStuff   '/home/marthinus/angular-js/blaze/client-side/node_modules' ]
33 info linkStuff wiredep@2.2.2
34 verbose linkBins wiredep@2.2.2
35 verbose link bins [ { wiredep: './wiredep-cli.js' },
35 verbose link bins   '/home/marthinus/angular-js/blaze/client-side/node_modules/.bin',
35 verbose link bins   false ]
36 verbose linkMans wiredep@2.2.2
37 verbose rebuildBundles wiredep@2.2.2
38 verbose rebuildBundles [ 'bower-config',
38 verbose rebuildBundles   'chalk',
38 verbose rebuildBundles   'glob',
38 verbose rebuildBundles   'lodash',
38 verbose rebuildBundles   'minimist',
38 verbose rebuildBundles   'propprop',
38 verbose rebuildBundles   'through2' ]
39 info install wiredep@2.2.2
40 info postinstall wiredep@2.2.2
41 info install Blaze@1.0.0
42 info postinstall Blaze@1.0.0
43 verbose unsafe-perm in lifecycle true
44 info Blaze@1.0.0 Failed to exec postinstall script
45 error Blaze@1.0.0 postinstall: `echo postinstall time; ./node_modules/grunt-cli/bin/grunt develop`
45 error Exit status 127
46 error Failed at the Blaze@1.0.0 postinstall script.
46 error This is most likely a problem with the Blaze package,
46 error not with npm itself.
46 error Tell the author that this fails on your system:
46 error     echo postinstall time; ./node_modules/grunt-cli/bin/grunt develop
46 error You can get their info via:
46 error     npm owner ls Blaze
46 error There is likely additional logging output above.
47 error System Linux 3.13.0-44-generic
48 error command "/opt/nvm/v0.10.32/bin/node" "/opt/nvm/v0.10.32/bin/npm" "install" "--production"
49 error cwd /home/marthinus/angular-js/blaze/client-side
50 error node -v v0.10.32
51 error npm -v 1.4.28
52 error code ELIFECYCLE
53 verbose exit [ 1, true ]
